<?xml version="1.0" encoding="UTF-8"?>
<!-- Generated by org.testng.reporters.JUnitReportReporter -->
<testsuite hostname="Venkat" failures="0" tests="4" name="com.petstore.api.test.UserTest" time="5.761" errors="0" timestamp="2024-01-19T17:54:39 IST" skipped="0">
  <testcase classname="com.petstore.api.test.UserTest" name="PostUserTest" time="2.162"/>
  <testcase classname="com.petstore.api.test.UserTest" name="PutUserTest" time="1.175"/>
  <testcase classname="com.petstore.api.test.UserTest" name="GetUserTest" time="1.394"/>
  <testcase classname="com.petstore.api.test.UserTest" name="DeleteUserTest" time="1.030"/>
</testsuite> <!-- com.petstore.api.test.UserTest -->
